e:\visual studio 2013\projects\sdl_opengl\sdl_opengl\debug\vc120.pdb
e:\visual studio 2013\projects\sdl_opengl\sdl_opengl\debug\vc120.idb
e:\visual studio 2013\projects\sdl_opengl\sdl_opengl\debug\appmain.obj
e:\visual studio 2013\projects\sdl_opengl\sdl_opengl\debug\globals.obj
e:\visual studio 2013\projects\sdl_opengl\sdl_opengl\debug\main.obj
e:\_workspace\sdl_opengl\sdl_opengl\debug\vc120.pdb
e:\_workspace\sdl_opengl\sdl_opengl\debug\vc120.idb
e:\_workspace\sdl_opengl\sdl_opengl\debug\appmain.obj
e:\_workspace\sdl_opengl\sdl_opengl\debug\globals.obj
e:\visual studio 2013\projects\sdl_opengl\debug\sdl_opengl.ilk
e:\visual studio 2013\projects\sdl_opengl\debug\sdl_opengl.exe
e:\visual studio 2013\projects\sdl_opengl\debug\sdl_opengl.pdb
e:\_workspace\sdl_opengl\sdl_opengl\debug\main.obj
e:\_workspace\sdl_opengl\debug\sdl_opengl.pdb
e:\_workspace\sdl_opengl\debug\sdl_opengl.exe
e:\_workspace\sdl_opengl\debug\sdl_opengl.ilk
e:\_workspace\sdl_opengl\sdl_opengl\debug\sdl_opengl.tlog\cl.command.1.tlog
e:\_workspace\sdl_opengl\sdl_opengl\debug\sdl_opengl.tlog\cl.read.1.tlog
e:\_workspace\sdl_opengl\sdl_opengl\debug\sdl_opengl.tlog\cl.write.1.tlog
e:\_workspace\sdl_opengl\sdl_opengl\debug\sdl_opengl.tlog\link.command.1.tlog
e:\_workspace\sdl_opengl\sdl_opengl\debug\sdl_opengl.tlog\link.read.1.tlog
e:\_workspace\sdl_opengl\sdl_opengl\debug\sdl_opengl.tlog\link.write.1.tlog
